<?xml version="1.0" encoding="UTF-8"?>
<testsuite name="Ejemplo" tests="1" skipped="0" failures="0" errors="0" timestamp="2023-03-15T13:18:24" hostname="SWO059169593957" time="142.669">
  <properties/>
  <testcase name="Ejemplo1.1" classname="Ejemplo" time="142.669"/>
  <system-out><![CDATA[09:18:26.606 ?[92m|-- Given that Cris go to page?[0m
09:18:28.646 ?[92m|---- Actor go to?[0m
09:18:28.736 ?[92m|------ actor opens the https://www.koaj.co/?[0m
09:20:15.917 ?[92m|-- When Cris using the credentials on register "trishtan142@gmail.com" "1073177637C"?[0m
09:20:16.082 ?[92m|---- Actor iniciar?[0m
09:20:16.859 ?[92m|------ actor clicks on By.cssSelector: .flex .login?[0m
09:20:34.433 ?[92m|------ actor enters 'trishtan142@gmail.com' into User?[0m
09:20:38.337 ?[92m|------ actor enters '1073177637C' into Pass?[0m
09:20:43.187 ?[92m|-- Then Cris see the homepage?[0m
]]></system-out>
  <system-err><![CDATA[Mar 15, 2023 9:18:29 AM org.openqa.selenium.remote.DesiredCapabilities firefox
INFO: Using `new FirefoxOptions()` is preferred to `DesiredCapabilities.firefox()`
Mar 15, 2023 9:19:11 AM org.openqa.selenium.remote.ProtocolHandshake createSession
INFO: Detected dialect: W3C
]]></system-err>
</testsuite>
