<?xml version="1.0" encoding="UTF-8"?>
<testsuite name="Example" tests="1" skipped="0" failures="0" errors="0" timestamp="2023-03-15T20:39:35" hostname="SWO059169593957" time="85.257">
  <properties/>
  <testcase name="Example1.1" classname="Example" time="85.257"/>
  <system-out><![CDATA[16:39:37.081 ?[92m|-- Given that Cris go to page?[0m
16:39:38.048 ?[92m|---- Actor go to?[0m
16:39:38.084 ?[92m|------ actor opens the https://www.koaj.co/?[0m
16:40:17.503 ?[92m|-- When Cris using the credentials on register "trishtan142@gmail.com" "1073177637C"?[0m
16:40:17.527 ?[92m|---- Actor iniciar?[0m
16:40:17.831 ?[92m|------ actor clicks on By.cssSelector: .flex .login?[0m
16:40:32.821 ?[92m|------ actor enters 'trishtan142@gmail.com' into User?[0m
16:40:38.667 ?[92m|------ actor enters '1073177637C' into Pass?[0m
16:40:56.119 ?[92m|-- Then Cris see the homepage?[0m
]]></system-out>
  <system-err><![CDATA[Mar 15, 2023 4:39:46 PM org.openqa.selenium.remote.ProtocolHandshake createSession
INFO: Detected dialect: W3C
]]></system-err>
</testsuite>
