<?xml version="1.0" encoding="UTF-8"?>
<testsuite name="Ejemplo" tests="1" skipped="0" failures="0" errors="0" timestamp="2023-03-14T20:00:29" hostname="SWO059169593957" time="53.861">
  <properties/>
  <testcase name="Ejemplo1.1" classname="Ejemplo" time="53.861"/>
  <system-out><![CDATA[16:00:30.762 ?[92m|-- Given that Cris go to page?[0m
16:00:31.498 ?[92m|---- Actor go to?[0m
16:00:31.525 ?[92m|------ actor opens the https://www.koaj.co/?[0m
16:01:05.906 ?[92m|-- When Cris using the credentials on register "trishtan142@gmail.com" "1073177637C"?[0m
16:01:05.960 ?[92m|---- Actor iniciar?[0m
16:01:06.584 ?[92m|------ actor clicks on By.cssSelector: .flex .login?[0m
16:01:17.628 ?[92m|------ actor enters 'trishtan142@gmail.com' into User?[0m
16:01:20.316 ?[92m|------ actor enters '1073177637C' into Pass?[0m
16:01:22.137 ?[92m|-- Then Cris see the homepage?[0m
]]></system-out>
  <system-err><![CDATA[Starting ChromeDriver 111.0.5563.64 (c710e93d5b63b7095afe8c2c17df34408078439d-refs/branch-heads/5563@{#995}) on port 16872
Only local connections are allowed.
Please see https://chromedriver.chromium.org/security-considerations for suggestions on keeping ChromeDriver safe.
ChromeDriver was started successfully.
Mar 14, 2023 4:00:38 PM org.openqa.selenium.remote.ProtocolHandshake createSession
INFO: Detected dialect: W3C
]]></system-err>
</testsuite>
